<?xml version="1.0" encoding="UTF-8"?>
<!-- Generated by org.testng.reporters.JUnitReportReporter -->
<testsuite hostname="FCU-NBK500" failures="0" tests="2" name="de.alain.TestNGParallel.TestParallelClassTwo" time="54.392" errors="2" timestamp="2020-08-27T18:40:15 MESZ" skipped="0">
  <testcase classname="de.alain.TestNGParallel.TestParallelClassTwo" name="test_2" time="6.501">
    <error message="Index 1 out of bounds for length 1" type="java.lang.ArrayIndexOutOfBoundsException">
      <![CDATA[java.lang.ArrayIndexOutOfBoundsException: Index 1 out of bounds for length 1
at de.alain.ProjektStatitikUndInformationen.ProjektStatistik.EndProjektMaskeNummer(ProjektStatistik.java:40)
at de.alain.ProjektStatitikUndInformationen.ProjektStatistik.AnzahlDerGeneriertenMaskeJeProjektsuche(ProjektStatistik.java:69)
at de.alain.ProjektmaskeNavigationUndProjektmerkmaleHolen.ProjektMaskeNavigationUndProjektMerkmaleHolen.ProjektmaskeAnklickeUndMaskeInformationenAssortieren(ProjektMaskeNavigationUndProjektMerkmaleHolen.java:45)
at de.alain.TestNGParallel.TestParallelClassTwo.test_2(TestParallelClassTwo.java:116)
at java.base/jdk.internal.reflect.NativeMethodAccessorImpl.invoke0(Native Method)
at java.base/jdk.internal.reflect.NativeMethodAccessorImpl.invoke(NativeMethodAccessorImpl.java:62)
at java.base/jdk.internal.reflect.DelegatingMethodAccessorImpl.invoke(DelegatingMethodAccessorImpl.java:43)
at java.base/java.lang.reflect.Method.invoke(Method.java:566)
at org.testng.internal.MethodInvocationHelper.invokeMethod(MethodInvocationHelper.java:135)
at org.testng.internal.TestInvoker.invokeMethod(TestInvoker.java:598)
at org.testng.internal.TestInvoker.invokeTestMethod(TestInvoker.java:174)
at org.testng.internal.MethodRunner.runInSequence(MethodRunner.java:46)
at org.testng.internal.TestInvoker$MethodInvocationAgent.invoke(TestInvoker.java:821)
at org.testng.internal.TestInvoker.invokeTestMethods(TestInvoker.java:147)
at org.testng.internal.TestMethodWorker.invokeTestMethods(TestMethodWorker.java:146)
at org.testng.internal.TestMethodWorker.run(TestMethodWorker.java:128)
at java.base/java.util.concurrent.ThreadPoolExecutor.runWorker(ThreadPoolExecutor.java:1128)
at java.base/java.util.concurrent.ThreadPoolExecutor$Worker.run(ThreadPoolExecutor.java:628)
at java.base/java.lang.Thread.run(Thread.java:834)
]]>
    </error>
  </testcase> <!-- test_2 -->
  <system-out/>
  <testcase classname="de.alain.TestNGParallel.TestParallelClassTwo" name="test_2" time="47.891">
    <error message="Index 1 out of bounds for length 1" type="java.lang.ArrayIndexOutOfBoundsException">
      <![CDATA[java.lang.ArrayIndexOutOfBoundsException: Index 1 out of bounds for length 1
at de.alain.ProjektStatitikUndInformationen.ProjektStatistik.EndProjektMaskeNummer(ProjektStatistik.java:40)
at de.alain.ProjektStatitikUndInformationen.ProjektStatistik.AnzahlProjektProMaske(ProjektStatistik.java:61)
at de.alain.ProjektmaskeNavigationUndProjektmerkmaleHolen.ProjektMaskeNavigationUndProjektMerkmaleHolen.AnzahlProjektJeMaske(ProjektMaskeNavigationUndProjektMerkmaleHolen.java:88)
at de.alain.ProjektmaskeNavigationUndProjektmerkmaleHolen.ProjektMaskeNavigationUndProjektMerkmaleHolen.projektClick(ProjektMaskeNavigationUndProjektMerkmaleHolen.java:119)
at de.alain.ProjektmaskeNavigationUndProjektmerkmaleHolen.ProjektMaskeNavigationUndProjektMerkmaleHolen.ProjektmaskeAnklickeUndMaskeInformationenAssortieren(ProjektMaskeNavigationUndProjektMerkmaleHolen.java:53)
at de.alain.TestNGParallel.TestParallelClassTwo.test_2(TestParallelClassTwo.java:116)
at java.base/jdk.internal.reflect.NativeMethodAccessorImpl.invoke0(Native Method)
at java.base/jdk.internal.reflect.NativeMethodAccessorImpl.invoke(NativeMethodAccessorImpl.java:62)
at java.base/jdk.internal.reflect.DelegatingMethodAccessorImpl.invoke(DelegatingMethodAccessorImpl.java:43)
at java.base/java.lang.reflect.Method.invoke(Method.java:566)
at org.testng.internal.MethodInvocationHelper.invokeMethod(MethodInvocationHelper.java:135)
at org.testng.internal.TestInvoker.invokeMethod(TestInvoker.java:598)
at org.testng.internal.TestInvoker.invokeTestMethod(TestInvoker.java:174)
at org.testng.internal.MethodRunner.runInSequence(MethodRunner.java:46)
at org.testng.internal.TestInvoker$MethodInvocationAgent.invoke(TestInvoker.java:821)
at org.testng.internal.TestInvoker.invokeTestMethods(TestInvoker.java:147)
at org.testng.internal.TestMethodWorker.invokeTestMethods(TestMethodWorker.java:146)
at org.testng.internal.TestMethodWorker.run(TestMethodWorker.java:128)
at java.base/java.util.concurrent.ThreadPoolExecutor.runWorker(ThreadPoolExecutor.java:1128)
at java.base/java.util.concurrent.ThreadPoolExecutor$Worker.run(ThreadPoolExecutor.java:628)
at java.base/java.lang.Thread.run(Thread.java:834)
]]>
    </error>
  </testcase> <!-- test_2 -->
  <system-out/>
</testsuite> <!-- de.alain.TestNGParallel.TestParallelClassTwo -->
