<?xml version="1.0" encoding="UTF-8"?>
<!-- Generated by org.testng.reporters.JUnitXMLReporter -->
<testsuite ignored="0" hostname="FCU-NBK500" failures="1" tests="2" name="MyTest3" time="216.743" errors="0" timestamp="2020-07-22T18:19:28 MESZ">
  <testcase classname="de.alain.TestNGParallel.TestParallelClassthree" name="test_1" time="206.544"/>
  <testcase classname="de.alain.TestNGParallel.TestParallelClassthree" name="test_2" time="0.005">
    <failure type="java.lang.AssertionError">
      <![CDATA[java.lang.AssertionError
at org.junit.Assert.fail(Assert.java:86)
at org.junit.Assert.fail(Assert.java:95)
at de.alain.PageAndHTMLControl.Base.visit(Base.java:30)
at de.alain.TestNGParallel.TestParallelClassthree.test_2(TestParallelClassthree.java:134)
at java.base/java.util.ArrayList.forEach(ArrayList.java:1540)
... Removed 27 stack frames]]>
    </failure>
  </testcase> <!-- test_2 -->
</testsuite> <!-- MyTest3 -->
